# JRE version: OpenJDK Runtime Environment (11.0.13) (build 11.0.13+0-b1751.21-8125866)
# Java VM: OpenJDK 64-Bit Server VM (11.0.13+0-b1751.21-8125866, mixed mode, tiered, compressed oops, g1 gc, windows-amd64)
Heap:
 garbage-first heap   total 963584K, used 289090K [0x0000000080000000, 0x0000000100000000)
  region size 1024K, 2 young (2048K), 2 survivors (2048K)
 Metaspace       used 125296K, capacity 128131K, committed 128208K, reserved 1161216K
  class space    used 15370K, capacity 16458K, committed 16512K, reserved 1048576K
GC Heap History (20 events):
Event: 127.739 GC heap after
{Heap after GC invocations=84 (full 0):
 garbage-first heap   total 219136K, used 198126K [0x0000000080000000, 0x0000000100000000)
  region size 1024K, 2 young (2048K), 2 survivors (2048K)
 Metaspace       used 124614K, capacity 127495K, committed 127696K, reserved 1161216K
  class space    used 15329K, capacity 16420K, committed 16512K, reserved 1048576K
}
Event: 128.026 GC heap before
{Heap before GC invocations=84 (full 0):
 garbage-first heap   total 219136K, used 206318K [0x0000000080000000, 0x0000000100000000)
  region size 1024K, 10 young (10240K), 2 survivors (2048K)
 Metaspace       used 125116K, capacity 127932K, committed 128208K, reserved 1161216K
  class space    used 15370K, capacity 16458K, committed 16512K, reserved 1048576K
}
Event: 128.033 GC heap after
{Heap after GC invocations=85 (full 0):
 garbage-first heap   total 219136K, used 199382K [0x0000000080000000, 0x0000000100000000)
  region size 1024K, 1 young (1024K), 1 survivors (1024K)
 Metaspace       used 125116K, capacity 127932K, committed 128208K, reserved 1161216K
  class space    used 15370K, capacity 16458K, committed 16512K, reserved 1048576K
}
Event: 128.158 GC heap before
{Heap before GC invocations=85 (full 0):
 garbage-first heap   total 219136K, used 207574K [0x0000000080000000, 0x0000000100000000)
  region size 1024K, 10 young (10240K), 1 survivors (1024K)
 Metaspace       used 125203K, capacity 128066K, committed 128208K, reserved 1161216K
  class space    used 15370K, capacity 16458K, committed 16512K, reserved 1048576K
}
Event: 128.164 GC heap after
{Heap after GC invocations=86 (full 0):
 garbage-first heap   total 219136K, used 201448K [0x0000000080000000, 0x0000000100000000)
  region size 1024K, 2 young (2048K), 2 survivors (2048K)
 Metaspace       used 125203K, capacity 128066K, committed 128208K, reserved 1161216K
  class space    used 15370K, capacity 16458K, committed 16512K, reserved 1048576K
}
Event: 128.232 GC heap before
{Heap before GC invocations=86 (full 0):
 garbage-first heap   total 219136K, used 209640K [0x0000000080000000, 0x0000000100000000)
  region size 1024K, 10 young (10240K), 2 survivors (2048K)
 Metaspace       used 125203K, capacity 128066K, committed 128208K, reserved 1161216K
  class space    used 15370K, capacity 16458K, committed 16512K, reserved 1048576K
}
Event: 128.241 GC heap after
{Heap after GC invocations=87 (full 0):
 garbage-first heap   total 220160K, used 209603K [0x0000000080000000, 0x0000000100000000)
  region size 1024K, 2 young (2048K), 2 survivors (2048K)
 Metaspace       used 125203K, capacity 128066K, committed 128208K, reserved 1161216K
  class space    used 15370K, capacity 16458K, committed 16512K, reserved 1048576K
}
Event: 128.289 GC heap before
{Heap before GC invocations=87 (full 0):
 garbage-first heap   total 220160K, used 216771K [0x0000000080000000, 0x0000000100000000)
  region size 1024K, 10 young (10240K), 2 survivors (2048K)
 Metaspace       used 125203K, capacity 128066K, committed 128208K, reserved 1161216K
  class space    used 15370K, capacity 16458K, committed 16512K, reserved 1048576K
}
Event: 128.297 GC heap after
{Heap after GC invocations=88 (full 0):
 garbage-first heap   total 228352K, used 218068K [0x0000000080000000, 0x0000000100000000)
  region size 1024K, 2 young (2048K), 2 survivors (2048K)
 Metaspace       used 125203K, capacity 128066K, committed 128208K, reserved 1161216K
  class space    used 15370K, capacity 16458K, committed 16512K, reserved 1048576K
}
Event: 128.344 GC heap before
{Heap before GC invocations=88 (full 0):
 garbage-first heap   total 228352K, used 226260K [0x0000000080000000, 0x0000000100000000)
  region size 1024K, 11 young (11264K), 2 survivors (2048K)
 Metaspace       used 125203K, capacity 128066K, committed 128208K, reserved 1161216K
  class space    used 15370K, capacity 16458K, committed 16512K, reserved 1048576K
}
Event: 128.357 GC heap after
{Heap after GC invocations=89 (full 0):
 garbage-first heap   total 239616K, used 227869K [0x0000000080000000, 0x0000000100000000)
  region size 1024K, 2 young (2048K), 2 survivors (2048K)
 Metaspace       used 125203K, capacity 128066K, committed 128208K, reserved 1161216K
  class space    used 15370K, capacity 16458K, committed 16512K, reserved 1048576K
}
Event: 128.381 GC heap before
{Heap before GC invocations=89 (full 0):
 garbage-first heap   total 239616K, used 237085K [0x0000000080000000, 0x0000000100000000)
  region size 1024K, 11 young (11264K), 2 survivors (2048K)
 Metaspace       used 125203K, capacity 128066K, committed 128208K, reserved 1161216K
  class space    used 15370K, capacity 16458K, committed 16512K, reserved 1048576K
}
Event: 128.401 GC heap after
{Heap after GC invocations=90 (full 0):
 garbage-first heap   total 343040K, used 237997K [0x0000000080000000, 0x0000000100000000)
  region size 1024K, 2 young (2048K), 2 survivors (2048K)
 Metaspace       used 125203K, capacity 128066K, committed 128208K, reserved 1161216K
  class space    used 15370K, capacity 16458K, committed 16512K, reserved 1048576K
}
Event: 128.643 GC heap before
{Heap before GC invocations=91 (full 0):
 garbage-first heap   total 343040K, used 259501K [0x0000000080000000, 0x0000000100000000)
  region size 1024K, 23 young (23552K), 2 survivors (2048K)
 Metaspace       used 125231K, capacity 128066K, committed 128208K, reserved 1161216K
  class space    used 15370K, capacity 16458K, committed 16512K, reserved 1048576K
}
Event: 128.668 GC heap after
{Heap after GC invocations=92 (full 0):
 garbage-first heap   total 343040K, used 253370K [0x0000000080000000, 0x0000000100000000)
  region size 1024K, 3 young (3072K), 3 survivors (3072K)
 Metaspace       used 125231K, capacity 128066K, committed 128208K, reserved 1161216K
  class space    used 15370K, capacity 16458K, committed 16512K, reserved 1048576K
}
Event: 128.816 GC heap before
{Heap before GC invocations=92 (full 0):
 garbage-first heap   total 343040K, used 270778K [0x0000000080000000, 0x0000000100000000)
  region size 1024K, 20 young (20480K), 3 survivors (3072K)
 Metaspace       used 125296K, capacity 128131K, committed 128208K, reserved 1161216K
  class space    used 15370K, capacity 16458K, committed 16512K, reserved 1048576K
}
Event: 128.912 GC heap after
{Heap after GC invocations=93 (full 0):
 garbage-first heap   total 343040K, used 263784K [0x0000000080000000, 0x0000000100000000)
  region size 1024K, 3 young (3072K), 3 survivors (3072K)
 Metaspace       used 125296K, capacity 128131K, committed 128208K, reserved 1161216K
  class space    used 15370K, capacity 16458K, committed 16512K, reserved 1048576K
}
Event: 129.028 GC heap before
{Heap before GC invocations=93 (full 0):
 garbage-first heap   total 343040K, used 278120K [0x0000000080000000, 0x0000000100000000)
  region size 1024K, 17 young (17408K), 3 survivors (3072K)
 Metaspace       used 125296K, capacity 128131K, committed 128208K, reserved 1161216K
  class space    used 15370K, capacity 16458K, committed 16512K, reserved 1048576K
}
Event: 129.081 GC heap after
{Heap after GC invocations=94 (full 0):
 garbage-first heap   total 343040K, used 278528K [0x0000000080000000, 0x0000000100000000)
  region size 1024K, 3 young (3072K), 3 survivors (3072K)
 Metaspace       used 125296K, capacity 128131K, committed 128208K, reserved 1161216K
  class space    used 15370K, capacity 16458K, committed 16512K, reserved 1048576K
}
Event: 129.132 GC heap before
{Heap before GC invocations=94 (full 0):
 garbage-first heap   total 343040K, used 291840K [0x0000000080000000, 0x0000000100000000)
  region size 1024K, 16 young (16384K), 3 survivors (3072K)
 Metaspace       used 125296K, capacity 128131K, committed 128208K, reserved 1161216K
  class space    used 15370K, capacity 16458K, committed 16512K, reserved 1048576K
}

