# JRE version: OpenJDK Runtime Environment (11.0.13) (build 11.0.13+0-b1751.21-8125866)
# Java VM: OpenJDK 64-Bit Server VM (11.0.13+0-b1751.21-8125866, mixed mode, tiered, compressed oops, g1 gc, windows-amd64)
Heap:
 garbage-first heap   total 98304K, used 38625K [0x0000000080000000, 0x0000000100000000)
  region size 1024K, 23 young (23552K), 4 survivors (4096K)
 Metaspace       used 33778K, capacity 34553K, committed 34864K, reserved 1079296K
  class space    used 4332K, capacity 4620K, committed 4736K, reserved 1048576K
GC Heap History (12 events):
Event: 13.788 GC heap before
{Heap before GC invocations=0 (full 0):
 garbage-first heap   total 98304K, used 29696K [0x0000000080000000, 0x0000000100000000)
  region size 1024K, 24 young (24576K), 0 survivors (0K)
 Metaspace       used 10122K, capacity 10327K, committed 10624K, reserved 1058816K
  class space    used 1034K, capacity 1106K, committed 1152K, reserved 1048576K
}
Event: 13.806 GC heap after
{Heap after GC invocations=1 (full 0):
 garbage-first heap   total 98304K, used 9224K [0x0000000080000000, 0x0000000100000000)
  region size 1024K, 3 young (3072K), 3 survivors (3072K)
 Metaspace       used 10122K, capacity 10327K, committed 10624K, reserved 1058816K
  class space    used 1034K, capacity 1106K, committed 1152K, reserved 1048576K
}
Event: 31.048 GC heap before
{Heap before GC invocations=1 (full 0):
 garbage-first heap   total 98304K, used 64520K [0x0000000080000000, 0x0000000100000000)
  region size 1024K, 57 young (58368K), 3 survivors (3072K)
 Metaspace       used 13017K, capacity 13359K, committed 13568K, reserved 1060864K
  class space    used 1399K, capacity 1500K, committed 1536K, reserved 1048576K
}
Event: 31.087 GC heap after
{Heap after GC invocations=2 (full 0):
 garbage-first heap   total 98304K, used 14724K [0x0000000080000000, 0x0000000100000000)
  region size 1024K, 8 young (8192K), 8 survivors (8192K)
 Metaspace       used 13017K, capacity 13359K, committed 13568K, reserved 1060864K
  class space    used 1399K, capacity 1500K, committed 1536K, reserved 1048576K
}
Event: 64.592 GC heap before
{Heap before GC invocations=2 (full 0):
 garbage-first heap   total 98304K, used 61828K [0x0000000080000000, 0x0000000100000000)
  region size 1024K, 55 young (56320K), 8 survivors (8192K)
 Metaspace       used 20723K, capacity 21145K, committed 21296K, reserved 1069056K
  class space    used 2509K, capacity 2648K, committed 2688K, reserved 1048576K
}
Event: 64.701 GC heap after
{Heap after GC invocations=3 (full 0):
 garbage-first heap   total 98304K, used 16909K [0x0000000080000000, 0x0000000100000000)
  region size 1024K, 3 young (3072K), 3 survivors (3072K)
 Metaspace       used 20723K, capacity 21145K, committed 21296K, reserved 1069056K
  class space    used 2509K, capacity 2648K, committed 2688K, reserved 1048576K
}
Event: 64.725 GC heap before
{Heap before GC invocations=3 (full 0):
 garbage-first heap   total 98304K, used 16909K [0x0000000080000000, 0x0000000100000000)
  region size 1024K, 4 young (4096K), 3 survivors (3072K)
 Metaspace       used 20742K, capacity 21145K, committed 21296K, reserved 1069056K
  class space    used 2512K, capacity 2648K, committed 2688K, reserved 1048576K
}
Event: 64.737 GC heap after
{Heap after GC invocations=4 (full 0):
 garbage-first heap   total 98304K, used 16826K [0x0000000080000000, 0x0000000100000000)
  region size 1024K, 3 young (3072K), 3 survivors (3072K)
 Metaspace       used 20742K, capacity 21145K, committed 21296K, reserved 1069056K
  class space    used 2512K, capacity 2648K, committed 2688K, reserved 1048576K
}
Event: 68.474 GC heap before
{Heap before GC invocations=5 (full 0):
 garbage-first heap   total 98304K, used 63930K [0x0000000080000000, 0x0000000100000000)
  region size 1024K, 49 young (50176K), 3 survivors (3072K)
 Metaspace       used 25447K, capacity 26062K, committed 26288K, reserved 1073152K
  class space    used 3259K, capacity 3484K, committed 3584K, reserved 1048576K
}
Event: 68.481 GC heap after
{Heap after GC invocations=6 (full 0):
 garbage-first heap   total 98304K, used 18629K [0x0000000080000000, 0x0000000100000000)
  region size 1024K, 4 young (4096K), 4 survivors (4096K)
 Metaspace       used 25447K, capacity 26062K, committed 26288K, reserved 1073152K
  class space    used 3259K, capacity 3484K, committed 3584K, reserved 1048576K
}
Event: 71.860 GC heap before
{Heap before GC invocations=6 (full 0):
 garbage-first heap   total 98304K, used 67781K [0x0000000080000000, 0x0000000100000000)
  region size 1024K, 52 young (53248K), 4 survivors (4096K)
 Metaspace       used 30132K, capacity 30880K, committed 31152K, reserved 1077248K
  class space    used 3970K, capacity 4245K, committed 4352K, reserved 1048576K
}
Event: 71.876 GC heap after
{Heap after GC invocations=7 (full 0):
 garbage-first heap   total 98304K, used 20193K [0x0000000080000000, 0x0000000100000000)
  region size 1024K, 4 young (4096K), 4 survivors (4096K)
 Metaspace       used 30132K, capacity 30880K, committed 31152K, reserved 1077248K
  class space    used 3970K, capacity 4245K, committed 4352K, reserved 1048576K
}

